[debug] [2024-03-25T23:45:04.105Z] ----------------------------------------------------------------------
[debug] [2024-03-25T23:45:04.109Z] Command:       C:\Program Files\nodejs\node.exe C:\Users\komal\AppData\Roaming\npm\node_modules\firebase-tools\lib\bin\firebase.js init
[debug] [2024-03-25T23:45:04.109Z] CLI Version:   13.5.2
[debug] [2024-03-25T23:45:04.110Z] Platform:      win32
[debug] [2024-03-25T23:45:04.110Z] Node Version:  v20.11.1
[debug] [2024-03-25T23:45:04.110Z] Time:          Mon Mar 25 2024 16:45:04 GMT-0700 (Pacific Daylight Saving Time)
[debug] [2024-03-25T23:45:04.110Z] ----------------------------------------------------------------------
[debug] 
[debug] [2024-03-25T23:45:04.118Z] > command requires scopes: ["email","openid","https://www.googleapis.com/auth/cloudplatformprojects.readonly","https://www.googleapis.com/auth/firebase","https://www.googleapis.com/auth/cloud-platform"]
[debug] [2024-03-25T23:45:04.118Z] > authorizing via signed-in user (komalkaryal6406@gmail.com)
[info] 
     ######## #### ########  ######## ########     ###     ######  ########
     ##        ##  ##     ## ##       ##     ##  ##   ##  ##       ##
     ######    ##  ########  ######   ########  #########  ######  ######
     ##        ##  ##    ##  ##       ##     ## ##     ##       ## ##
     ##       #### ##     ## ######## ########  ##     ##  ######  ########

You're about to initialize a Firebase project in this directory:

  C:\Users\komal\OneDrive\Pictures\collegeForm

[info] 
=== Project Setup
[info] 
[info] First, let's associate this project directory with a Firebase project.
[info] You can create multiple project aliases by running firebase use --add, 
[info] but for now we'll just set up a default project.
[info] 
[debug] [2024-03-25T23:45:47.739Z] >>> [apiv2][query] GET https://firebase.googleapis.com/v1beta1/projects pageSize=100
[debug] [2024-03-25T23:45:48.161Z] <<< [apiv2][status] GET https://firebase.googleapis.com/v1beta1/projects 200
[debug] [2024-03-25T23:45:48.162Z] <<< [apiv2][body] GET https://firebase.googleapis.com/v1beta1/projects [omitted]
[debug] [2024-03-25T23:48:11.556Z] ----------------------------------------------------------------------
[debug] [2024-03-25T23:48:11.559Z] Command:       C:\Program Files\nodejs\node.exe C:\Users\komal\AppData\Roaming\npm\node_modules\firebase-tools\lib\bin\firebase.js init
[debug] [2024-03-25T23:48:11.560Z] CLI Version:   13.5.2
[debug] [2024-03-25T23:48:11.560Z] Platform:      win32
[debug] [2024-03-25T23:48:11.561Z] Node Version:  v20.11.1
[debug] [2024-03-25T23:48:11.561Z] Time:          Mon Mar 25 2024 16:48:11 GMT-0700 (Pacific Daylight Saving Time)
[debug] [2024-03-25T23:48:11.561Z] ----------------------------------------------------------------------
[debug] 
[debug] [2024-03-25T23:48:11.569Z] > command requires scopes: ["email","openid","https://www.googleapis.com/auth/cloudplatformprojects.readonly","https://www.googleapis.com/auth/firebase","https://www.googleapis.com/auth/cloud-platform"]
[debug] [2024-03-25T23:48:11.569Z] > authorizing via signed-in user (komalkaryal6406@gmail.com)
[info] 
     ######## #### ########  ######## ########     ###     ######  ########
     ##        ##  ##     ## ##       ##     ##  ##   ##  ##       ##
     ######    ##  ########  ######   ########  #########  ######  ######
     ##        ##  ##    ##  ##       ##     ## ##     ##       ## ##
     ##       #### ##     ## ######## ########  ##     ##  ######  ########

You're about to initialize a Firebase project in this directory:

  C:\Users\komal\OneDrive\Pictures\collegeForm

[info] 
=== Project Setup
[info] 
[info] First, let's associate this project directory with a Firebase project.
[info] You can create multiple project aliases by running firebase use --add, 
[info] but for now we'll just set up a default project.
[info] 
[debug] [2024-03-25T23:48:19.747Z] >>> [apiv2][query] GET https://firebase.googleapis.com/v1beta1/projects pageSize=100
[debug] [2024-03-25T23:48:20.157Z] <<< [apiv2][status] GET https://firebase.googleapis.com/v1beta1/projects 200
[debug] [2024-03-25T23:48:20.158Z] <<< [apiv2][body] GET https://firebase.googleapis.com/v1beta1/projects [omitted]
[debug] [2024-03-25T23:55:41.643Z] ----------------------------------------------------------------------
[debug] [2024-03-25T23:55:41.646Z] Command:       C:\Program Files\nodejs\node.exe C:\Users\komal\AppData\Roaming\npm\node_modules\firebase-tools\lib\bin\firebase.js init
[debug] [2024-03-25T23:55:41.646Z] CLI Version:   13.5.2
[debug] [2024-03-25T23:55:41.647Z] Platform:      win32
[debug] [2024-03-25T23:55:41.647Z] Node Version:  v20.11.1
[debug] [2024-03-25T23:55:41.647Z] Time:          Mon Mar 25 2024 16:55:41 GMT-0700 (Pacific Daylight Saving Time)
[debug] [2024-03-25T23:55:41.647Z] ----------------------------------------------------------------------
[debug] 
[debug] [2024-03-25T23:55:41.655Z] > command requires scopes: ["email","openid","https://www.googleapis.com/auth/cloudplatformprojects.readonly","https://www.googleapis.com/auth/firebase","https://www.googleapis.com/auth/cloud-platform"]
[debug] [2024-03-25T23:55:41.656Z] > authorizing via signed-in user (komalkaryal6406@gmail.com)
[info] 
     ######## #### ########  ######## ########     ###     ######  ########
     ##        ##  ##     ## ##       ##     ##  ##   ##  ##       ##
     ######    ##  ########  ######   ########  #########  ######  ######
     ##        ##  ##    ##  ##       ##     ## ##     ##       ## ##
     ##       #### ##     ## ######## ########  ##     ##  ######  ########

You're about to initialize a Firebase project in this directory:

  C:\Users\komal\OneDrive\Pictures\collegeForm

[info] 
=== Project Setup
[info] 
[info] First, let's associate this project directory with a Firebase project.
[info] You can create multiple project aliases by running firebase use --add, 
[info] but for now we'll just set up a default project.
[info] 
[debug] [2024-03-25T23:55:50.959Z] >>> [apiv2][query] GET https://firebase.googleapis.com/v1beta1/projects pageSize=100
[debug] [2024-03-25T23:55:51.350Z] <<< [apiv2][status] GET https://firebase.googleapis.com/v1beta1/projects 200
[debug] [2024-03-25T23:55:51.351Z] <<< [apiv2][body] GET https://firebase.googleapis.com/v1beta1/projects [omitted]
